2018-03-05 11:17:44,786  INFO  Application version 2.0.8 is started, working with catalog: BODOS
2018-03-05 11:17:45,332  DEBUG there is no emails in the queue
2018-03-05 11:18:15,346  DEBUG there is no emails in the queue
2018-03-05 11:18:45,355  DEBUG there is no emails in the queue
2018-03-05 11:19:15,386  DEBUG there is no emails in the queue
2018-03-05 11:19:45,381  DEBUG there is no emails in the queue
2018-03-05 11:20:15,374  DEBUG there is no emails in the queue
2018-03-05 11:20:45,394  DEBUG there is no emails in the queue
2018-03-05 11:21:15,878  DEBUG there is no emails in the queue
2018-03-05 11:21:46,078  DEBUG there is no emails in the queue
2018-03-05 11:22:16,336  DEBUG there is no emails in the queue
2018-03-05 11:22:46,354  DEBUG there is no emails in the queue
2018-03-05 11:23:16,374  DEBUG there is no emails in the queue
2018-03-05 11:23:46,414  DEBUG there is no emails in the queue
2018-03-05 11:24:16,512  DEBUG there is no emails in the queue
2018-03-05 11:24:46,502  DEBUG there is no emails in the queue
2018-03-05 11:25:16,506  DEBUG there is no emails in the queue
2018-03-05 11:25:46,546  DEBUG there is no emails in the queue
2018-03-05 11:26:16,517  DEBUG there is no emails in the queue
2018-03-05 11:26:46,549  DEBUG there is no emails in the queue
2018-03-05 11:27:16,546  DEBUG there is no emails in the queue
2018-03-05 11:27:46,558  DEBUG there is no emails in the queue
2018-03-05 11:28:16,552  DEBUG there is no emails in the queue
2018-03-05 11:28:46,564  DEBUG there is no emails in the queue
2018-03-05 11:29:16,562  DEBUG there is no emails in the queue
2018-03-05 11:29:46,586  DEBUG there is no emails in the queue
2018-03-05 11:30:16,599  DEBUG there is no emails in the queue
2018-03-05 11:30:46,608  DEBUG there is no emails in the queue
2018-03-05 11:31:16,623  DEBUG there is no emails in the queue
2018-03-05 11:31:46,632  DEBUG there is no emails in the queue
2018-03-05 11:32:16,650  DEBUG there is no emails in the queue
2018-03-05 11:32:46,642  DEBUG there is no emails in the queue
2018-03-05 11:33:16,656  DEBUG there is no emails in the queue
2018-03-05 11:33:46,692  DEBUG there is no emails in the queue
2018-03-05 11:34:16,719  DEBUG there is no emails in the queue
2018-03-05 11:34:46,731  DEBUG there is no emails in the queue
2018-03-05 11:35:16,769  DEBUG there is no emails in the queue
2018-03-05 11:35:46,794  DEBUG there is no emails in the queue
2018-03-05 11:36:16,805  DEBUG there is no emails in the queue
2018-03-05 11:36:46,829  DEBUG there is no emails in the queue
2018-03-05 11:37:16,845  DEBUG there is no emails in the queue
2018-03-05 11:37:46,862  DEBUG there is no emails in the queue
2018-03-05 11:38:16,887  DEBUG there is no emails in the queue
2018-03-05 11:38:46,914  DEBUG there is no emails in the queue
2018-03-05 11:39:16,955  DEBUG there is no emails in the queue
2018-03-05 11:39:46,972  DEBUG there is no emails in the queue
2018-03-05 11:40:17,023  DEBUG there is no emails in the queue
2018-03-05 11:40:47,050  DEBUG there is no emails in the queue
2018-03-05 11:41:17,063  DEBUG there is no emails in the queue
2018-03-05 11:41:47,105  DEBUG there is no emails in the queue
2018-03-05 11:42:17,106  DEBUG there is no emails in the queue
2018-03-05 11:42:47,086  DEBUG there is no emails in the queue
2018-03-05 11:43:17,133  DEBUG there is no emails in the queue
2018-03-05 11:43:47,112  DEBUG there is no emails in the queue
2018-03-05 11:44:17,131  DEBUG there is no emails in the queue
2018-03-05 11:44:47,143  DEBUG there is no emails in the queue
2018-03-05 11:45:17,160  DEBUG there is no emails in the queue
2018-03-05 11:45:47,193  DEBUG there is no emails in the queue
2018-03-05 11:46:17,209  DEBUG there is no emails in the queue
2018-03-05 11:46:47,225  DEBUG there is no emails in the queue
2018-03-05 11:47:17,250  DEBUG there is no emails in the queue
2018-03-05 11:47:47,265  DEBUG there is no emails in the queue
2018-03-05 11:48:17,283  DEBUG there is no emails in the queue
2018-03-05 11:48:47,302  DEBUG there is no emails in the queue
2018-03-05 11:49:17,315  DEBUG there is no emails in the queue
2018-03-05 11:49:47,329  DEBUG there is no emails in the queue
2018-03-05 11:50:17,343  DEBUG there is no emails in the queue
2018-03-05 11:50:47,367  DEBUG there is no emails in the queue
2018-03-05 11:51:17,390  DEBUG there is no emails in the queue
2018-03-05 11:51:47,406  DEBUG there is no emails in the queue
2018-03-05 11:52:17,437  DEBUG there is no emails in the queue
2018-03-05 11:52:47,436  DEBUG there is no emails in the queue
2018-03-05 11:53:17,451  DEBUG there is no emails in the queue
2018-03-05 11:53:47,461  DEBUG there is no emails in the queue
2018-03-05 11:54:17,518  DEBUG there is no emails in the queue
2018-03-05 11:54:47,546  DEBUG there is no emails in the queue
2018-03-05 11:55:17,542  DEBUG there is no emails in the queue
2018-03-05 11:55:47,564  DEBUG there is no emails in the queue
2018-03-05 11:56:17,573  DEBUG there is no emails in the queue
2018-03-05 11:56:47,606  DEBUG there is no emails in the queue
2018-03-05 11:57:17,616  DEBUG there is no emails in the queue
2018-03-05 11:57:47,618  DEBUG there is no emails in the queue
2018-03-05 11:58:17,616  DEBUG there is no emails in the queue
2018-03-05 11:58:47,645  DEBUG there is no emails in the queue
2018-03-05 11:59:17,641  DEBUG there is no emails in the queue
2018-03-05 11:59:47,666  DEBUG there is no emails in the queue
2018-03-05 12:00:17,676  DEBUG there is no emails in the queue
2018-03-05 12:00:47,685  DEBUG there is no emails in the queue
2018-03-05 12:01:17,696  DEBUG there is no emails in the queue
2018-03-05 12:01:47,706  DEBUG there is no emails in the queue
2018-03-05 12:02:17,718  DEBUG there is no emails in the queue
2018-03-05 12:02:47,734  DEBUG there is no emails in the queue
2018-03-05 12:03:17,747  DEBUG there is no emails in the queue
2018-03-05 12:03:47,756  DEBUG there is no emails in the queue
2018-03-05 12:04:17,766  DEBUG there is no emails in the queue
2018-03-05 12:04:47,776  DEBUG there is no emails in the queue
2018-03-05 12:05:17,794  DEBUG there is no emails in the queue
2018-03-05 12:05:47,808  DEBUG there is no emails in the queue
2018-03-05 12:06:17,823  DEBUG there is no emails in the queue
2018-03-05 12:06:47,833  DEBUG there is no emails in the queue
2018-03-05 12:07:17,844  DEBUG there is no emails in the queue
2018-03-05 12:07:47,855  DEBUG there is no emails in the queue
2018-03-05 12:08:17,870  DEBUG there is no emails in the queue
2018-03-05 12:08:47,882  DEBUG there is no emails in the queue
2018-03-05 12:09:17,892  DEBUG there is no emails in the queue
2018-03-05 12:09:47,903  DEBUG there is no emails in the queue
2018-03-05 12:10:17,913  DEBUG there is no emails in the queue
2018-03-05 12:10:47,926  DEBUG there is no emails in the queue
2018-03-05 12:11:17,942  DEBUG there is no emails in the queue
2018-03-05 12:11:48,170  DEBUG there is no emails in the queue
2018-03-05 12:12:18,181  DEBUG there is no emails in the queue
2018-03-05 12:12:48,192  DEBUG there is no emails in the queue
2018-03-05 12:13:18,209  DEBUG there is no emails in the queue
2018-03-05 12:13:48,224  DEBUG there is no emails in the queue
2018-03-05 12:14:18,234  DEBUG there is no emails in the queue
2018-03-05 12:14:48,246  DEBUG there is no emails in the queue
2018-03-05 12:15:18,257  DEBUG there is no emails in the queue
2018-03-05 12:15:48,272  DEBUG there is no emails in the queue
2018-03-05 12:16:18,283  DEBUG there is no emails in the queue
2018-03-05 12:16:48,294  DEBUG there is no emails in the queue
2018-03-05 12:17:18,306  DEBUG there is no emails in the queue
2018-03-05 12:17:48,318  DEBUG there is no emails in the queue
2018-03-05 12:18:18,333  DEBUG there is no emails in the queue
2018-03-05 12:18:48,346  DEBUG there is no emails in the queue
2018-03-05 12:19:18,360  DEBUG there is no emails in the queue
2018-03-05 12:19:48,379  DEBUG there is no emails in the queue
2018-03-05 12:20:18,393  DEBUG there is no emails in the queue
2018-03-05 12:20:48,408  DEBUG there is no emails in the queue
2018-03-05 12:21:18,421  DEBUG there is no emails in the queue
2018-03-05 12:21:48,460  DEBUG there is no emails in the queue
2018-03-05 12:22:18,478  DEBUG there is no emails in the queue
2018-03-05 12:22:48,493  DEBUG there is no emails in the queue
2018-03-05 12:23:18,510  DEBUG there is no emails in the queue
2018-03-05 12:23:48,526  DEBUG there is no emails in the queue
2018-03-05 12:24:18,542  DEBUG there is no emails in the queue
2018-03-05 12:24:48,554  DEBUG there is no emails in the queue
2018-03-05 12:25:18,567  DEBUG there is no emails in the queue
2018-03-05 12:25:48,581  DEBUG there is no emails in the queue
2018-03-05 12:26:18,595  DEBUG there is no emails in the queue
2018-03-05 12:26:48,609  DEBUG there is no emails in the queue
2018-03-05 12:27:18,622  DEBUG there is no emails in the queue
2018-03-05 12:27:48,634  DEBUG there is no emails in the queue
2018-03-05 12:28:18,644  DEBUG there is no emails in the queue
2018-03-05 12:28:48,657  DEBUG there is no emails in the queue
2018-03-05 12:29:18,671  DEBUG there is no emails in the queue
2018-03-05 12:29:48,681  DEBUG there is no emails in the queue
2018-03-05 12:30:18,691  DEBUG there is no emails in the queue
2018-03-05 12:30:48,702  DEBUG there is no emails in the queue
2018-03-05 12:31:18,714  DEBUG there is no emails in the queue
2018-03-05 12:31:48,724  DEBUG there is no emails in the queue
2018-03-05 12:32:18,736  DEBUG there is no emails in the queue
2018-03-05 12:32:48,754  DEBUG there is no emails in the queue
2018-03-05 12:33:18,777  DEBUG there is no emails in the queue
2018-03-05 12:33:48,789  DEBUG there is no emails in the queue
2018-03-05 12:34:18,800  DEBUG there is no emails in the queue
2018-03-05 12:34:48,812  DEBUG there is no emails in the queue
2018-03-05 12:35:18,823  DEBUG there is no emails in the queue
2018-03-05 12:35:48,837  DEBUG there is no emails in the queue
2018-03-05 12:36:18,852  DEBUG there is no emails in the queue
2018-03-05 12:36:48,867  DEBUG there is no emails in the queue
2018-03-05 12:37:18,883  DEBUG there is no emails in the queue
2018-03-05 12:37:48,899  DEBUG there is no emails in the queue
2018-03-05 12:38:18,915  DEBUG there is no emails in the queue
2018-03-05 12:38:48,939  DEBUG there is no emails in the queue
2018-03-05 12:39:18,959  DEBUG there is no emails in the queue
2018-03-05 12:39:48,979  DEBUG there is no emails in the queue
2018-03-05 12:40:18,996  DEBUG there is no emails in the queue
2018-03-05 12:40:49,013  DEBUG there is no emails in the queue
2018-03-05 12:41:19,028  DEBUG there is no emails in the queue
2018-03-05 12:41:49,050  DEBUG there is no emails in the queue
2018-03-05 12:42:19,065  DEBUG there is no emails in the queue
2018-03-05 12:42:49,080  DEBUG there is no emails in the queue
2018-03-05 12:43:19,096  DEBUG there is no emails in the queue
2018-03-05 12:43:49,114  DEBUG there is no emails in the queue
2018-03-05 12:44:19,136  DEBUG there is no emails in the queue
2018-03-05 12:44:49,148  DEBUG there is no emails in the queue
2018-03-05 12:45:19,162  DEBUG there is no emails in the queue
2018-03-05 12:45:49,176  DEBUG there is no emails in the queue
2018-03-05 12:46:19,185  DEBUG there is no emails in the queue
2018-03-05 12:46:49,200  DEBUG there is no emails in the queue
2018-03-05 12:47:19,216  DEBUG there is no emails in the queue
2018-03-05 12:47:49,226  DEBUG there is no emails in the queue
2018-03-05 12:48:19,238  DEBUG there is no emails in the queue
2018-03-05 12:48:49,250  DEBUG there is no emails in the queue
2018-03-05 12:49:19,261  DEBUG there is no emails in the queue
2018-03-05 12:49:49,276  DEBUG there is no emails in the queue
2018-03-05 12:49:56,230  INFO  Application is ended
2018-03-05 12:50:19,292  DEBUG there is no emails in the queue
2018-03-05 13:40:27,793  INFO  Application version 2.0.8 is started, working with catalog: BODOS
2018-03-05 13:40:28,341  DEBUG there is no emails in the queue
2018-03-05 13:40:58,364  DEBUG there is no emails in the queue
2018-03-05 13:41:28,381  DEBUG there is no emails in the queue
2018-03-05 13:41:58,406  DEBUG there is no emails in the queue
2018-03-05 13:42:28,420  DEBUG there is no emails in the queue
2018-03-05 13:42:58,433  DEBUG there is no emails in the queue
2018-03-05 13:43:28,446  DEBUG there is no emails in the queue
2018-03-05 13:43:58,461  DEBUG there is no emails in the queue
2018-03-05 13:44:28,476  DEBUG there is no emails in the queue
2018-03-05 13:44:58,494  DEBUG there is no emails in the queue
2018-03-05 13:45:28,510  DEBUG there is no emails in the queue
2018-03-05 13:45:58,523  DEBUG there is no emails in the queue
2018-03-05 13:46:28,552  DEBUG there is no emails in the queue
2018-03-05 13:46:58,567  DEBUG there is no emails in the queue
2018-03-05 13:47:28,581  DEBUG there is no emails in the queue
2018-03-05 13:47:58,598  DEBUG there is no emails in the queue
2018-03-05 13:48:28,613  DEBUG there is no emails in the queue
2018-03-05 13:48:39,138  INFO  Application is ended
2018-03-05 13:48:58,628  DEBUG there is no emails in the queue
2018-03-05 13:50:21,488  INFO  Application version 2.0.8 is started, working with catalog: BODOS
2018-03-05 13:50:22,125  DEBUG there is no emails in the queue
2018-03-05 13:50:52,145  DEBUG there is no emails in the queue
2018-03-05 13:51:22,157  DEBUG there is no emails in the queue
2018-03-05 13:51:52,178  DEBUG there is no emails in the queue
2018-03-05 13:52:22,237  DEBUG there is no emails in the queue
2018-03-05 13:52:52,251  DEBUG there is no emails in the queue
2018-03-05 13:53:22,266  DEBUG there is no emails in the queue
2018-03-05 13:53:52,285  DEBUG there is no emails in the queue
2018-03-05 13:54:22,304  DEBUG there is no emails in the queue
2018-03-05 13:54:52,325  DEBUG there is no emails in the queue
2018-03-05 13:55:22,339  DEBUG there is no emails in the queue
2018-03-05 13:55:52,351  DEBUG there is no emails in the queue
2018-03-05 13:56:22,363  DEBUG there is no emails in the queue
2018-03-05 13:56:52,378  DEBUG there is no emails in the queue
2018-03-05 13:57:22,404  DEBUG there is no emails in the queue
2018-03-05 13:57:52,425  DEBUG there is no emails in the queue
2018-03-05 13:58:22,440  DEBUG there is no emails in the queue
2018-03-05 13:58:52,455  DEBUG there is no emails in the queue
2018-03-05 13:59:22,470  DEBUG there is no emails in the queue
2018-03-05 13:59:52,488  DEBUG there is no emails in the queue
2018-03-05 14:00:22,505  DEBUG there is no emails in the queue
2018-03-05 14:00:52,521  DEBUG there is no emails in the queue
2018-03-05 14:01:22,542  DEBUG there is no emails in the queue
2018-03-05 14:01:52,557  DEBUG there is no emails in the queue
2018-03-05 14:02:22,572  DEBUG there is no emails in the queue
2018-03-05 14:02:52,587  DEBUG there is no emails in the queue
2018-03-05 14:03:22,602  DEBUG there is no emails in the queue
2018-03-05 14:03:52,618  DEBUG there is no emails in the queue
2018-03-05 14:04:22,635  DEBUG there is no emails in the queue
2018-03-05 14:04:52,652  DEBUG there is no emails in the queue
2018-03-05 14:05:22,668  DEBUG there is no emails in the queue
2018-03-05 14:05:52,687  DEBUG there is no emails in the queue
2018-03-05 14:06:22,726  DEBUG there is no emails in the queue
2018-03-05 14:06:52,741  DEBUG there is no emails in the queue
2018-03-05 14:07:07,105  INFO  Application is ended
2018-03-05 14:07:22,757  DEBUG there is no emails in the queue
2018-03-05 14:08:40,813  INFO  Application version 2.0.8 is started, working with catalog: BODOS
2018-03-05 14:08:41,411  INFO  found emails in the queue: 1
2018-03-05 14:08:45,994  INFO  Sent email to: imkarpacz@gmail.com, Customer ID: 111, with OriginalDocument: 0831159022
2018-03-05 14:09:16,052  DEBUG there is no emails in the queue
2018-03-05 14:09:46,069  DEBUG there is no emails in the queue
2018-03-05 14:10:16,080  DEBUG there is no emails in the queue
2018-03-05 14:10:46,088  DEBUG there is no emails in the queue
2018-03-05 14:11:16,098  DEBUG there is no emails in the queue
2018-03-05 14:11:46,109  DEBUG there is no emails in the queue
2018-03-05 14:12:16,117  DEBUG there is no emails in the queue
2018-03-05 14:12:46,124  DEBUG there is no emails in the queue
2018-03-05 14:12:52,859  INFO  Application is ended
2018-03-05 14:13:16,134  DEBUG there is no emails in the queue
2018-03-05 14:51:40,590  INFO  Application version 2.0.8 is started, working with catalog: BODOS
2018-03-05 14:51:41,099  DEBUG there is no emails in the queue
2018-03-05 14:52:11,345  DEBUG there is no emails in the queue
2018-03-05 14:52:41,358  DEBUG there is no emails in the queue
2018-03-05 14:53:11,377  DEBUG there is no emails in the queue
2018-03-05 14:53:41,394  DEBUG there is no emails in the queue
2018-03-05 14:54:11,505  INFO  found emails in the queue: 1
2018-03-05 14:54:16,435  INFO  Sent email to: imkarpacz@gmail.com, Customer ID: 111, with OriginalDocument: 0831159022
